[   0.0000] Initialzing cgrup susys cpuset
[   0.000000] Initializing cgroup subsys cpu
[    0000000] nitializing cgroup subsys cpuacct
[    0.0000] Liuxveion 4.4-139geeric (budd@l01-ad6006)(g version 5.4.0 20160609 (Uuntu5.0-6ubutu1~16.0410) ) #165UbuntSM Wed Oc 2 1:5:50 UT 218 (Ubutu 4.4.0-139.165-gnec 4.4.160
    0.0000] Commndine: BOOT_MAE=bot/vmlinuz-.40-39-geneicrot=LABEL=loimg-roofs roconsole=ty1 console=ttyS0
[    0.000000] KERNEL supported cpus:
[    0.000000]   Intel GenuineIntel
[    0.000000]   AMD AuthenticAMD
[   0.00000]  Centar nturHals
[    .0000]x8/fu: xta_offset[]:576, xsttesies[2: 25
    0.000] x86/fp: pporting XAV fature 0x0: 87floatingpont registrs'
[  000000]x8/fu: Supprtg SAVE ftue 0x02: 'SSE egistes'
[   0.00000]x86/fpu Supporti XSAVE feature 0x04: 'AVX registers'
[   0.000000] x86/fpu: Enbled xtate feaur 07, context se s 832 byt, sig 'standar' rmat.
[   00000] e0:BIOS-prviedphyscal RAM map:
[   .00000] BIOS-e820 [m x00000000000-00000000009bf usable
[    0.0000 BOSe80:[mm 0x000000009fc00-0x000000009ffff] reservd[   0.0000] BIOS-e820:[mem 0000000000f0000-0x00000000000fffff] reserved
[    0.00000] BIOS-e820: me 0000000000010000x000003feffff]usbl
[    0.0000]BIOS-e20 [em 0x0000003ff0000-0x000003ffffff] ACI at
    0.000000 BOSe820: me0x000000fe000-0x00000fec00f] reerve
   0.00000] OS-e82: me 0x00000000ee00000-0x00000000fee00fff] reserve
    0.000000] BIOS-e820: [mem 0x00000000fffc0000-0x00000000ffffffff] reserved
[   000000] N(Eecute Diable) protection active
[  0.0000]MBOS 2.5pren.
[   0.0000 Hyprvisr etected:KV
[   0.0000] e820: last_pfn = 0x3fff0 max_arch_pfn = 0x400000000
[    0.000000] MTRR: Disabled
[    0.000000] x86/PAT: MTRRs disabled, skipping PAT initialization too.
[    0.000000] CPU MTRRs all blank - virtualized system.
[    0.000000] x86/PAT: Configuration [0-7]: WB  WT  UC- UC  WB  WT  UC- UC  
[    0.000000] found SMP MP-table at [mem 0x0009fff0-0x0009ffff] mapped at [ffff88000009fff0]
[    0.000000] Scanning 1 areas for low memory corruption
[    0.000000] RAMDISK: [mem 0x3630a000-0x3717cfff]
[    0.000000] ACPI: Early table checksum verification disabled
[    0.0000 ACP: SD 0000000000E000000024 (v02 VBOX  )
[    0.000000] ACPI: XSDT 0x000000003FFF0030 00003C (v01 VBOX   VBOXXSDT 00000001 ASL  00000061)
[    0.000000] ACPI: FACP 0x000000003FFF00F0 0000F4 (v04 VBOX   VBOXFACP 00000001 ASL  00000061)
[    0.000000] ACPI: DSDT 0x000000003FFF0470 0021FF (v02 VBOX   VBOXBIOS 00000002 INTL 20100528)
[    0.000000] ACPI: FACS 0x000000003FFF0200 000040
[    0.000000] ACPI: FACS 0x000000003FFF0200 000040
[   0.0000] ACI:APC 0x000000003FF02 0005C (02BO   VOXAPC 000001 ASL  00000061)
[   .00000] ACPISST x000000003FF0A0001CC (v01 VOX  BOXCPUT 0000002 INTL 20100528)
[   0.000000] No NUMA cofiguration found
[    0.00000] Faking a node a[mm x00000000000000000x000003ffeffff]
[   0.0000] NOE_TA0) allatd [memx3fe000-0x3ffeff]
[   0.000000] kvm-clok:Using msrs 45601 and 56d0
[    0000] kvm-ock: pu 0, ms 03fe3001, prma cu clck[    0000000] m-lock:si schedofset of 368987748 cycles
[   0.000000] clocksource: kvm-clock: mask: 0xfffffffffffffff max_cycles: 0x1cd42e4dffb, max_idle_ns: 881590591483 ns
[    0.000000] Zone ranges:
[    0.000000]   DMA      [mem 0x000000000000-0x0000000000ffffff]
[    0.0000]  DA32    [mem 0x000000000000-0x0000003feffff
   0.00000  Nrmal   emty
[   0.0000   Devic  emty
[  000000 Movblzone stat r each node
[    000000]ary memoryno ranges
[  0000000]  de   : [mem 0x0000000000010-x000000009efff]
  0.000000]   node   0: [mem 0x0000000000100000-0x00000003ffeffff]
[    0.000000 Initmem setup nde 0 [mem 0x0000000000001000-0x000000003ffeffff]
[    0.000000] ACPI: PM-Tir IO or 04008
[  0.000000] IOAPIC[0 aic_id 2, version 32, address 0xfec0000, SI-2
[    0.000000]ACI: INT_SRC_OVR (bus 0 bus_ir0 lobal_irq 2 dfldf)
[    0.00000]ACI: INT_SRC_OV (bus bu_irq 9 glol_irq 9low level)
[    0.000000] Using ACPI (MADT) for SMP configuration information
[    0.000000] smpboot: Allowing 2 CPUs, 0 hotplug CPUs
[    0.000000] PM: Registered nosave memory: [mem 0x00000000-0x00000fff]
[    0.000000] PM: Registered nosave memory: [mem 0x0009f000-0x0009ffff]
[    0.000000] PM: Registered nosave memory: [mem 0x000a0000-0x000effff]
[    0.000000] PM: Registered nosave memory: [mem 0x000f0000-0x000fffff]
[    0.000000] e820: [mem 0x40000000-0xfebfffff] available for PCI devices
[   0.000000] Booting paravirtualized kernel on KVM
[    0.000000] clocksource: refined-jiffies: mask: 0xffffffff max_cycles: 0xffffffff, max_idle_ns:64519602156 ns
[    0.000000] setu_perpu NR_CUS:51nr_cpuask_bits:12nr_cu_ds:2 r_node_ids:1
[    0.00000] PRCPU: Embedded 34 pages/cpu @ffff8803fc00000 s99608 r8192 d31464 u1856
[    00000]PVqsnlock hash table entries: 256 (order: , 096 bytes)
[    0.00000] Built 1 zonelists in Node order, mobility grouping on.  Total pages:57912
[    0.000000] Policyzone: MA2[    .0000] Kernel cmad line:BOT_MAGE/bot/vlin-44.-139-gneicroot=LBE=coudimg-rootfso console=tty1 console=tyS0
[    0.000000] PID hash table entries: 4096 (order: 3, 32768 bes
[    0.000000] Memory: 997708K/1048120K available (8564K kernel code, 1314K rwdata,004K rodata, 1528K init, 1316K bss, 50412K reserved, 0K cma-reserved)
[    0.000000] SLUB: HWalign=64, Order=0-3, MinObjects=0, CPUs=2, Nodes=1
[    0.000000] Kernel/User page tables isolation: enabled
[    0.000000] Hierarchical RCU implementation.
[    0.000000] 	Build-time adjustment of leaf fanout to 64.
[    0.000000] 	RCU restricting CPUs from NR_CUS=512 to nr_puds=2
   0.00000] RCU Ajusting geometry for rcu_anout_leaf=64, nr_cpu_ids=2
[    000000] NR_IRQ:33024 nr_irqs:40 16
   0.00000Cosole: clo VGA+ 0x25
[  000000] console[t1]enabled[   00000 console [ttyS0] enale
[   0.000000] tsc: Detected 2194.918 MHz processor
[   10.536965] Calibrating delay loop (skipped) preset value.. 4389.83 BogoMIPS (lpj=8779672)
[   10.557182] pid_max: default: 32768 minimum: 301
[   10.605163] ACPI: Core revision 20150930
[   10.629748] ACPI: 2 ACPI AML tables successfully acquired and loaded
[   10.636659] Security Framework initialized
[   10.662428] Yama: becoming mindful.
[   10.689216] AppArmor: AppArmor initialized
[   10.695930] Dentry cache hash table entries: 131072 (order: 8, 1048576 bytes)
[   10.732896] Inode-cache hash table entries: 65536 (order: 7, 524288 bytes)
[   10.755026] Mount-cache hash table entries: 2048 (order: 2, 16384 bytes)
[   10.762788] Mountpoint-cache hash table entries: 2048 (order: 2, 16384 bytes)
[   10.801587] Initializing cgroup subsys io
[   10.823584] Initializing cgroup subsys memory
[   10.854815] Initializing cgroup subsys devices
[   10.857506] Initializing cgroup subsys freezer
[   10.898871] Initializing cgroup subsys net_cls
[   10.928992] Initializing cgroup subsys perf_event
[   10.961059] Initializing cgroup subsys net_prio
[   10.996508] Initializing cgroup subsys hugetlb
[   11.016835] Initializing cgroup subsys pids
[   11.019213] mce: CPU supports 0 MCE banks
[   11.044873] Last level iTLB entries: 4KB 1024, 2MB 1024, 4MB 1024
[   11.069498] Last level dTLB entries: 4KB 1024, 2MB 1024, 4MB 1024, 1GB 4
[   11.077780] Spectre V2 : Mitigation: Full generic retpoline
[   11.105620] Spectre V2 : Spectre v2 mitigation: Speculation control IBPB not-supported IBRS not-supported
[   11.131314] Spectre V2 : Spectre v2 / SpectreRSB mitigation: Filling RSB on context switch
[   11.153606] Speculative Store Bypass: Vulnerable
[   11.170027] Freeing SMP alternatives memory: 32K
[   11.184911] ftrace: allocating 32278 entries in 127 pages
[   11.245974] smpboot: APIC(0) Converting physical 0 to logical package 0
[   11.345052] smpboot: Max logical packages: 1
[   11.397133] x2apic enabled
[   11.410775] Switched APIC routing to physical x2apic.
[   11.412884] ..TIMER: vector=0x30 apic1=0 pin1=2 apic2=-1 pin2=-1
[   11.540700] smpboot: CPU0: Intel(R) Core(TM) i7-4770HQ CPU @ 2.20GHz (family: 0x6, model: 0x46, stepping: 0x1)
[   11.572081] Performance Events: unsupported p6 CPU model 70 no PMU driver, software events only.
[   11.598694] KVM setup paravirtual spinlock
[   11.623978] x86: Booting SMP configuration:
[   11.645586] .... node  #0, CPUs:      #1
[   11.689363] kvm-clock: cpu 1, msr 0:3ffe3041, secondary cpu clock
[   11.711797] mce: CPU supports 0 MCE banks
[   11.720612] x86: Booted up 1 node, 2 CPUs
[   11.769139] smpboot: Total of 2 processors activated (8779.67 BogoMIPS)
[   11.782304] devtmpfs: initialized
[   11.811627] evm: security.selinux
[   11.829781] evm: security.SMACK64
[   11.830788] evm: security.SMACK64EXEC
[   11.832049] evm: security.SMACK64TRANSMUTE
[   11.850450] evm: security.SMACK64MMAP
[   11.862875] evm: security.ima
[   11.881199] evm: security.capability
[   11.888276] clocksource: jiffies: mask: 0xffffffff max_cycles: 0xffffffff, max_idle_ns: 7645041785100000 ns
[   11.966213] futex hash table entries: 512 (order: 3, 32768 bytes)
[   12.003474] pinctrl core: initialized pinctrl subsystem
[   12.033585] RTC time: 11:42:39, date: 12/04/18
[   12.064434] NET: Registered protocol family 16
[   12.121697] cpuidle: using governor ladder
[   12.161220] cpuidle: using governor menu
[   12.178648] PCCT header not found.
[   12.197588] ACPI: bus type PCI registered
[   12.205603] acpiphp: ACPI Hot Plug PCI Controller Driver version: 0.5
[   12.217384] PCI: Using configuration type 1 for base access
[   12.237323] ACPI: Added _OSI(Module Device)
[   12.238541] ACPI: Added _OSI(Processor Device)
[   12.239728] ACPI: Added _OSI(3.0 _SCP Extensions)
[   12.249202] ACPI: Added _OSI(Processor Aggregator Device)
[   12.262443] ACPI: Executed 1 blocks of module-level executable AML code
[   12.275404] ACPI: Interpreter enabled
[   12.276190] ACPI: (supports S0 S5)
[   12.301808] ACPI: Using IOAPIC for interrupt routing
[   12.323651] PCI: Using host bridge windows from ACPI; if necessary, use "pci=nocrs" and report a bug
[   12.347795] ACPI: PCI Root Bridge [PCI0] (domain 0000 [bus 00-ff])
[   12.359293] acpi PNP0A03:00: _OSC: OS supports [ASPM ClockPM Segments MSI]
[   12.377466] acpi PNP0A03:00: _OSC: not requesting OS control; OS requires [ExtendedConfig ASPM ClockPM MSI]
[   12.398240] acpi PNP0A03:00: fail to add MMCONFIG information, can't access extended PCI configuration space under this bridge.
[   12.423095] PCI host bridge to bus 0000:00
[   12.433952] pci_bus 0000:00: root bus resource [io  0x0000-0x0cf7 window]
[   12.486298] pci_bus 0000:00: root bus resource [io  0x0d00-0xffff window]
[   12.497799] pci_bus 0000:00: root bus resource [mem 0x000a0000-0x000bffff window]
[   12.506686] pci_bus 0000:00: root bus resource [mem 0x40000000-0xfdffffff window]
[   12.515752] pci_bus 0000:00: root bus resource [bus 00-ff]
[   12.556092] pci 0000:00:01.1: legacy IDE quirk: reg 0x10: [io  0x01f0-0x01f7]
[   12.578607] pci 0000:00:01.1: legacy IDE quirk: reg 0x14: [io  0x03f6]
[   12.595205] pci 0000:00:01.1: legacy IDE quirk: reg 0x18: [io  0x0170-0x0177]
[   12.617296] pci 0000:00:01.1: legacy IDE quirk: reg 0x1c: [io  0x0376]
[   12.653942] pci 0000:00:07.0: quirk: [io  0x4000-0x403f] claimed by PIIX4 ACPI
[   12.691477] pci 0000:00:07.0: quirk: [io  0x4100-0x410f] claimed by PIIX4 SMB
[   12.739340] ACPI: PCI Interrupt Link [LNKA] (IRQs 5 9 10 *11)
[   12.789626] ACPI: PCI Interrupt Link [LNKB] (IRQs 5 9 *10 11)
[   12.846665] ACPI: PCI Interrupt Link [LNKC] (IRQs 5 *9 10 11)
[   12.854033] ACPI: PCI Interrupt Link [LNKD] (IRQs 5 9 10 *11)
[   12.895045] ACPI: Enabled 2 GPEs in block 00 to 07
[   12.896478] vgaarb: setting as boot device: PCI:0000:00:02.0
[   12.925270] vgaarb: device added: PCI:0000:00:02.0,decodes=io+mem,owns=io+mem,locks=none
[   12.927393] vgaarb: loaded
[   12.949810] vgaarb: bridge control possible 0000:00:02.0
[   12.971330] SCSI subsystem initialized
[   13.001695] ACPI: bus type USB registered
[   13.008611] usbcore: registered new interface driver usbfs
[   13.041492] usbcore: registered new interface driver hub
[   13.074987] usbcore: registered new device driver usb
[   13.090049] PCI: Using ACPI for IRQ routing
[   13.091678] NetLabel: Initializing
[   13.102564] NetLabel:  domain hash size = 128
[   13.142035] NetLabel:  protocols = UNLABELED CIPSOv4
[   13.180905] NetLabel:  unlabeled traffic allowed by default
[   13.234061] amd_nb: Cannot enumerate AMD northbridges
[   13.263126] clocksource: Switched to clocksource kvm-clock
[   13.294280] AppArmor: AppArmor Filesystem Enabled
[   3.299173] pnp: PnP ACPI init
[   13.3634]pnpPnACPI: ound dvices

[   13.741971]clocksource: acpipm: mask: 0xffffff max_cycles: 0ffffff, max_idle_ns: 2085701024 ns
[   13.85661 NT:Regierd otco fil 2

[   14.251410] TP talish hshtale entie: 81 (rdr:, 5536 bytes)
[   146965] CP bind hastale entries: 81 (rder 5 107byes
  5.1704]CP: Ha tbles configured (estblished 8192 bind 8192)
[   15.44425]DPhash table entries: 512 (order:2, 16384 btes)
[   15.60320 UDP-teha table entries: 512 (orr:  1384 bytes)
[  1.961215] NET: egisted proocolfaily 
[   16.19613] pci 0000:00:00.0: Lmiindiec PI/PCI transfers
[   16.391878] pci 000:00:01.0: Activating ISA DMA hg workarounds
[   16.476643] Unpacking initrafs..

[   16.821268] Freeing initrd memory: 14796K
[   16.832098] platform rtc_cmos: registered platform RTC device (no PNP device found)
[   16.855362] Scanning for low memory corruption every 60 seconds
[   16.874371] audit: initializing netlink subsys (disabled)
[   16.881608] audit: type=2000 audit(1543923755.718:1): initialized
[   16.896799] Initialise system trusted keyring
[   16.898829] HugeTLB registered 2 MB page size, pre-allocated 0 pages
[   16.915380] zbud: loaded
[   16.918815] VFS: Disk quotas dquot_6.6.0
[   16.931847] VFS: Dquot-cache hash table entries: 512 (order 0, 4096 bytes)
[   16.960726] squashfs: version 4.0 (2009/01/31) Phillip Lougher
[   17.034242] fuse init (API version 7.23)
[   17.056452] Key type big_key registered
[   17.068216] Allocating IMA MOK and blacklist keyrings.
[   17.102569] Key type asymmetric registered
[   17.115585] Asymmetric key parser 'x509' registered
[   17.120054] Block layer SCSI generic (bsg) driver version 0.4 loaded (major 249)
[   17.147544] io scheduler noop registered
[   17.166666] io scheduler deadline registered (default)
[   17.197107] io scheduler cfq registered
[   17.230563] pci_hotplug: PCI Hot Plug PCI Core version: 0.5
[   17.266035] pciehp: PCI Express Hot Plug Controller Driver version: 0.4
[   17.322007] ACPI: AC Adapter [AC] (on-line)
[   17.332584] input: Power Button as /devices/LNXSYSTM:00/LNXPWRBN:00/input/input0
[   17.342468] ACPI: Power Button [PWRF]
[   17.358928] input: Sleep Button as /devices/LNXSYSTM:00/LNXSLPBN:00/input/input1
[   17.403567] ACPI: Sleep Button [SLPF]
[   17.41541]GH: STs otnale![  17.415645] CP: Battery Slot [BAT0] (battery pren)
[ 1731974]ts: efneTSC ocsorc cibration: 2195.589 MHz

[   17.831977]loksorce: tsc mask: 0xfffffffffff m_cycles: 0x1fa5ebe2e79, max_idle_ns: 440795211468 ns

[   18.701748] Serial: 8250/16550 driver, 32 ports, IRQ sharing enabled
[   18.730574] 00:02: ttyS0 at I/O 0x3f8 (irq = 4, base_baud = 115200) is a 16550A
[   18.794107] Linux agpgart interface v0.103
[   18.853987] loop: module loaded
[   18.855741] scsi host0: ata_piix
[   18.856913] scsi host1: ata_piix
[   18.857906] ata1: PATA max UDMA/33 cmd 0x1f0 ctl 0x3f6 bmdma 0xd000 irq 14
[   18.859292] ata2: PATA max UDMA/33 cmd 0x170 ctl 0x376 bmdma 0xd008 irq 15
[   18.861206] libphy: Fixed MDIO Bus: probed
[   18.868110] tun: Universal TUN/TAP device driver, 1.6
[   18.869473] tun: (C) 1999-2004 Max Krasnyansky <maxk@qualcomm.com>
[   18.883074] PPP generic driver version 2.4.2
[   18.884190] ehci_hcd: USB 2.0 'Enhanced' Host Controller (EHCI) Driver
[   18.888088] ehci-pci: EHCI PCI platform driver
[   18.891195] ehci-platform: EHCI generic platform driver
[   18.892421] ohci_hcd: USB 1.1 'Open' Host Controller (OHCI) Driver
[   18.895346] ohci-pci: OHCI PCI platform driver
[   18.896745] ohci-platform: OHCI generic platform driver
[   18.899451] uhci_hcd: USB Universal Host Controller Interface driver
[   18.920164] i8042: PNP: PS/2 Controller [PNP0303:PS2K,PNP0f03:PS2M] at 0x60,0x64 irq 1,12
[   18.946804] serio: i8042 KBD port at 0x60,0x64 irq 1
[   18.968050] serio: i8042 AUX port at 0x60,0x64 irq 12
[   18.969244] mousedev: PS/2 mouse device common for all mice
[   18.974868] input: AT Translated Set 2 keyboard as /devices/platform/i8042/serio0/input/input2
[   18.987206] rtc_cmos rtc_cmos: rtc core: registered rtc_cmos as rtc0
[   19.008763] rtc_cmos rtc_cmos: alarms up to one day, 114 bytes nvram
[   19.023220] i2c /dev entries driver
[   19.025835] device-mapper: uevent: version 1.0.3
[   19.028648] device-mapper: ioctl: 4.34.0-ioctl (2015-10-28) initialised: dm-devel@redhat.com
[   19.047210] ledtrig-cpu: registered to indicate activity on CPUs
[   19.070692] NET: Registered protocol family 10
[   19.076575] NET: Registered protocol family 17
[   19.095668] Key type dns_resolver registered
[   19.097258] registered taskstats version 1
[   19.110276] Loading compiled-in X.509 certificates
[   19.137515] Loaded X.509 cert 'Build time autogenerated kernel key: a88b0f663ecfd40e6a501dee2f0b211d51902e35'
[   19.163741] zswap: loaded using pool lzo/zbud
[   19.190150] Key type trusted registered
[   19.205789] Key type encrypted registered
[   19.225850] AppArmor: AppArmor sha1 policy hashing enabled
[   19.272933] ima: No TPM chip found, activating TPM-bypass!
[   19.296698] ima: Allocated hash algorithm: sha1
[   19.324650] evm: HMAC attrs: 0x1
[   19.325997]   Magic number: 14:187:731
[   19.343378] rtc_cmos rtc_cmos: setting system clock to 2018-12-04 11:42:46 UTC (1543923766)
[   19.403843] BIOS EDD facility v0.16 2004-Jun-25, 0 devices found
[   19.432480] EDD information not available.
[   19.461370] Freeing unused kernel memory: 1528K
[   19.503220] Write protecting the kernel read-only data: 14336k
[   19.532118] Freeing unused kernel memory: 1664K
[   19.533149] Freeing unused kernel memory: 92K
Loading, please wait...
starting version[   19.546427] random: systemd-udevd: uninitialized urandom read (16 bytes read, 3 bits of entropy available)
 229
[   19.547047] random: udevadm: uninitialized urandom read (16 bytes read, 3 bits of entropy available)
[   19.547068] random: udevadm: uninitialized urandom read (16 bytes read, 3 bits of entropy available)
[   19.555609] random: udevadm: uninitialized urandom read (16 bytes read, 3 bits of entropy available)
[   19.555646] random: udevadm: uninitialized urandom read (16 bytes read, 3 bits of entropy available)
[   19.555760] random: udevadm: uninitialized urandom read (16 bytes read, 3 bits of entropy available)
[   19.555800] random: udevadm: uninitialized urandom read (16 bytes read, 3 bits of entropy available)
[   19.555842] random: udevadm: uninitialized urandom read (16 bytes read, 3 bits of entropy available)
[   19.555950] random: udevadm: uninitialized urandom read (16 bytes read, 3 bits of entropy available)
[   19.555995] random: udevadm: uninitialized urandom read (16 bytes read, 3 bits of entropy available)
[   19.753755] Fusion MPT base driver 3.04.20
[   19.811540] Copyright (c) 1999-2008 LSI Corporation
[   19.885990] e1000: Intel(R) PRO/1000 Network Driver - version 7.3.21-k8-NAPI
[   19.906584] e1000: Copyright (c) 1999-2006 Intel Corporation.
[   19.949277] AVX2 version of gcm_enc/dec engaged.
[   19.960138] AES CTR mode by8 optimization enabled
[   20.034367] Fusion MPT SPI Host driver 3.04.20
[   20.165157] input: ImExPS/2 Generic Explorer Mouse as /devices/platform/i8042/serio1/input/input4
[   20.387398] e1000 0000:00:03.0 eth0: (PCI:33MHz:32-bit) 02:98:04:f8:6e:63
[   20.500653] e1000 0000:00:03.0 eth0: Intel(R) PRO/1000 Network Connection
[   20.963765] e1000 0000:00:08.0 eth1: (PCI:33MHz:32-bit) 08:00:27:96:5e:60
[   21.038986] e1000 0000:00:08.0 eth1: Intel(R) PRO/1000 Network Connection
[   21.109508] mptbase: ioc0: Initiating bringup
[   21.109685] e1000 0000:00:08.0 enp0s8: renamed from eth1
[   21.191681] e1000 0000:00:03.0 enp0s3: renamed from eth0
[   21.264100] ioc0: LSI53C1030 A0: Capabilities={Initiator}
[   21.498937] scsi host2: ioc0: LSI53C1030 A0, FwRev=00000000h, Ports=1, MaxQ=256, IRQ=20
[   21.696263] scsi 2:0:0:0: Direct-Access     VBOX     HARDDISK         1.0  PQ: 0 ANSI: 5
[   21.708412] scsi target2:0:0: Beginning Domain Validation
[   21.726277] scsi target2:0:0: Domain Validation skipping write tests
[   21.735446] scsi target2:0:0: Ending Domain Validation
[   21.798745] scsi target2:0:0: asynchronous
[   21.844119] scsi 2:0:1:0: Direct-Access     VBOX     HARDDISK         1.0  PQ: 0 ANSI: 5
[   21.982878] scsi target2:0:1: Beginning Domain Validation
[   22.087104] scsi target2:0:1: Domain Validation skipping write tests
[   22.128560] scsi target2:0:1: Ending Domain Validation
[   22.152129] scsi target2:0:1: asynchronous
[   22.177581] sd 2:0:0:0: Attached scsi generic sg0 type 0
[   22.238875] sd 2:0:0:0: [sda] 20971520 512-byte logical blocks: (10.7 GB/10.0 GiB)
[   22.243731] sd 2:0:1:0: [sdb] 20480 512-byte logical blocks: (10.5 MB/10.0 MiB)
[   22.244879] sd 2:0:1:0: [sdb] Write Protect is off
[   22.245051] sd 2:0:1:0: [sdb] Incomplete mode parameter data
[   22.245052] sd 2:0:1:0: [sdb] Assuming drive cache: write through
[   22.264444] sd 2:0:1:0: Attached scsi generic sg1 type 0
[   22.266930] sd 2:0:1:0: [sdb] Attached SCSI disk
[   22.319883] sd 2:0:0:0: [sda] Write Protect is off
[   22.368480] sd 2:0:0:0: [sda] Incomplete mode parameter data
[   22.388209] sd 2:0:0:0: [sda] Assuming drive cache: write through
[   22.438184]  sda: sda1
[   22.495821] sd 2:0:0:0: [sda] Attached SCSI disk
Begin: Loading e[   23.861898] md: linear personality registered for level -1
ssential drivers[   23.940202] md: multipath personality registered for level -4
 ... [   24.045935] md: raid0 personality registered for level 0
[   24.109392] md: raid1 personality registered for level 1
[   24.251270] raid6: sse2x1   gen()  8805 MB/s
[   24.355132] raid6: sse2x1   xor()  6910 MB/s
[   24.475273] raid6: sse2x2   gen() 11466 MB/s
[   24.551663] raid6: sse2x2   xor()  7635 MB/s
[   24.663657] raid6: sse2x4   gen() 13783 MB/s
[   24.759387] raid6: sse2x4   xor()  9013 MB/s
[   24.867537] raid6: avx2x1   gen() 16933 MB/s
[   24.979246] raid6: avx2x2   gen() 19642 MB/s
[   25.095419] raid6: avx2x4   gen() 23234 MB/s
[   25.136942] raid6: using algorithm avx2x4 gen() 23234 MB/s
[   25.168255] raid6: using avx2x2 recovery algorithm
[   25.175370] xor: automatically using best checksumming function:
[   25.307595]    avx       : 25365.000 MB/sec
[   25.402269] async_tx: api initialized (async)
[   25.439102] md: raid6 personality registered for level 6
[   25.484086] md: raid5 personality registered for level 5
[   25.541238] md: raid4 personality registered for level 4
[   25.565549] md: raid10 personality registered for level 10
done.
Begin: Running /scripts/init-premount ... done.
Begin: Mounting root file system ... Begin: Running /scripts/local-top ... done.
Begin: Running /scripts/local-premount ... [   25.603734] Btrfs loaded
Scanning for Btrfs filesystems
done.
Warning: fsck no[   25.635779] EXT4-fs (sda1): mounted filesystem with ordered data mode. Opts: (null)
t present, so skipping root file system
done.
Begin: Running /scripts/local-bottom ... done.
Begin: Running /scripts/init-bottom ... done.
[   25.769596] systemd[1]: systemd 229 running in system mode. (+PAM +AUDIT +SELINUX +IMA +APPARMOR +SMACK +SYSVINIT +UTMP +LIBCRYPTSETUP +GCRYPT +GNUTLS +ACL +XZ -LZ4 +SECCOMP +BLKID +ELFUTILS +KMOD -IDN)
[   25.780864] systemd[1]: Detected virtualization oracle.
[   25.812808] systemd[1]: Detected architecture x86-64.

Welcome to [1mUbuntu 16.04.5 LTS[0m!

[   25.887665] systemd[1]: Set hosna to butu>
[   26.057759] systemd[1]: Initializing machine ID from random generator.
[   26.135814] systemd[1]: Installed transient /etc/machine-id file.
[   26.251705] systemd[1]: Reached target System Time Synchronized.
[[0;32m  OK  [0m] Reached target System Time Synchronized.
[  23196systemd[1]: Liteningon uv rnl Socket.
[[0;32m  OK  [0m] Listening on udev Kernel Socket.
[   26.73306]system[1]: Reached target User an Group NmeLokus.

[[0;32m  OK  [0m] Reached target User and Group Name Lookups.
[ 270405] sstmd1]:Listening onLV2 etdat dem scket.
[[0;32m  OK  [0m] Listening on LVM2 metadata daemon socket.
[   27.503559] systemd[1]: Reached target Swap.
[[0;32m  OK  [0m] Reached target Swap.
[   27.565564] systemd[1]: Listeing on Syslog Socket.
[[0;32m  OK  [0m] Listening on Syslog Socket.
[   27.63206 systed[1]: Reached trg Encrypted Volumes.

[[0;32m  OK  [0m] Reached target Encrypted Volumes.
[   27.791234] systemd[1]: Created slice User and Session Slice.
[[0;32m  OK  [0m] Created slice User and Session Slice.
[   27.805963] systemd[1]: Listening on Device-mapper event daemon FIFOs.
[[0;32m  OK  [0m] Listening on Device-mapper event daemon FIFOs.
[   27.808394] systemd[1]: Started Trigger resolvconf update for networkd DNS.
[[0;32m  OK  [0m] Started Trigger resolvconf update for networkd DNS.
[  28458] stmd1]: Listening on udev Cotrl ckt.

[[0;32m  OK  [0m] Listening on udev Control Socket.
[   28.212676] systemd[1]: Listening on Journal Socket.
[[0;32m  OK  [0m] Listening on Journal Socket.
[  28.299500] std[]:Started ForwardPasword Requests to Wall Directory Watch.

[[0;32m  OK  [0m] Started Forward Password Requests to Wall Directory Watch.
[   28.556744] systemd[1]: Listening on LVM2 poll daemon socket.
[[0;32m  OK  [0m] Listening on LVM2 poll daemon socket.
[ 2861689]ysmd[1]: Listening on Journalocket (/dev/log).

[[0;32m  OK  [0m] Listening on Journal Socket (/dev/log).
[   28.909823] systemd[1]: Listening on /dev/initctl Compatibility Named Pipe.
[[0;32m  OK  [0m] Listening on /dev/initctl Compatibility Named Pipe.
[   8.001] sted[]:reted li SteSle.

[[0;32m  OK  [0m] Created slice System Slice.
[   29.523951] systemd[1]: Mounting POSIX Message Queue File System...
         Mounting POSIX Message Queue File System...
[   29.599286] systemd[1]: Starting Create list of required static device nodes for the current kernel...
         Starting Create list of required st... nodes for the current kernel...
[   29.775414] systemd[1]: Mounting Huge Pages File System...
         Mounting Huge Pages File System...
[   29.847817] systemd[1]: Starting Load Kernel Modules...
         Starting Load Ke[   29.875074] Loading iSCSI transport class v2.0-870.
rnel Modules...[   29.967276] random: nonblocking pool is initialized

[   29.998356] systemd[1]: Reached target Slices.
[[0;32m  OK  [0m] Reached target Slices.
[   30.018451] iscsi: registered transport (tcp)
[   30.032149] systemd[1]: Starting Set console keymap...
         Starting Set console keymap...
[   30.048052] systemd[1]: Starting Uncomplicated firewall...
[   30.090182] iscsi: registered transport (iser)
         Starting Uncomplicated firewall...
[   30.188136] systemd[1]: Starting Monitoring of LVM2 mirrors, snapshots etc. using dmeventd or progress polling...
         Starting Monitoring of LVM2 mirrors... dmeventd or progress polling...
[   30.312104] systemd[1]: Starting Nameserver information manager...
         Starting Nameserver information manager...
[   30.387769] systemd[1]: Mounting Debug File System...
         Mounting Debug File System...
[   0.46469] sstmd1]: Cead liceysemerial\x2dgttslce
[[0;32m  OK  [0m] Created slice system-serial\x2dgetty.slice.
[   31.516110] systemd[1]: Starting Remount Root and Kernel File Systems...
         Starting Remount[   31.596243] EXT4-fs (sda1): re-mounted. Opts: (null)
 Root and Kernel File Systems...
[   31.664112] systemd[1]: Listening on Journal Audit Socket.
[[0;32m  OK  [0m] Listening on Journal Audit Socket.
[   31.707719] systemd[1]: Starting Journal Service...
         Starting Journal Service...
[   31.734768] systemd[1]: Set up automount Arbitrary Executable File Formats File System Automount Point.
[[0;32m  OK  [0m] Set up automount Arbitrary Executab...ats File System Automount Point.
[   31.820770] systemd[1]: Mounted Huge Pages File System.
[[0;32m  OK  [0m] Mounted Huge Pages File System.
[   31.967725] systemd[1]: Mounted POSIX Message Queue File System.
[[0;32m  OK  [0m] Mounted POSIX Message Queue File System.
[   32.119786] systemd[1]: Mounted Debug File System.
[[0;32m  OK  [0m] Mounted Debug File System.
[   32.176647] systemd[1]: Started Journal Service.
[[0;32m  OK  [0m] Started Journal Service.
[[0;32m  OK  [0m] Started Create list of required sta...ce nodes for the current kernel.
[[0;32m  OK  [0m] Started Load Kernel Modules.
[[0;32m  OK  [0m] Started Set console keymap.
[[0;32m  OK  [0m] Started Uncomplicated firewall.
[[0;32m  OK  [0m] Started Remount Root and Kernel File Systems.
[[0;32m  OK  [0m] Started Nameserver information manager.
[[0;32m  OK  [0m] Started LVM2 metadata daemon.
         Starting Load/Save Random Seed...
         Starting udev Coldplug all Devices...
         Starting Apply Kernel Variables...
         Mounting FUSE Control File System...
         Starting Create Static Device Nodes in /dev...
         Starting Flush Journal to Persistent Storage...
[[0;32m  OK  [0m] Mounted FUSE Control File System.
[[0;32m  OK  [0m] Started Load/Save Random Seed.
[[0;32m  OK  [0m] Started Apply Kernel Variables.
[[0;32m  OK  [0m] Started Create Static Device Nodes in /dev.
[[0;32m  OK  [0m] Started udev Coldplug all Devices.
[[0;32m  OK  [0m] Started Flush Journal to Persistent Storage.
         Starting udev Kernel Device Manager...
[[0;32m  OK  [0m] Started udev Kernel Device Manager.
[[0;32m  OK  [0m] Started Monitoring of LVM2 mirrors,...ng dmeventd or progress polling.
[[0;32m  OK  [0m] Reached target Local File Systems (Pre).
[[0;32m  OK  [0m] Reached target Local File Systems.
         Starting LSB: AppArmor initialization...
         Starting Set console font and keymap...
         Starting Commit a transient machine-id on disk...
         Starting Initial cloud-init job (pre-networking)...
         Starting Tell Plymouth To Write Out Runtime Data...
         Starting Create Volatile Files and Directories...
[[0;32m  OK  [0m] Started Dispatch Password Requests to Console Directory Watch.
[[0;32m  OK  [0m] Started Commit a transient machine-id on disk.
[[0;32m  OK  [0m] Started Tell Plymouth To Write Out Runtime Data.
[   21.294180] cloud-init[570]: Cloud-init v. 18.4-0ubuntu1~16.04.2 running 'init-local' at Tue, 04 Dec 2018 11:43:00 +0000. Up 21.01 seconds.
[[0;32m  OK  [0m] Started Set console font and keymap.
[[0;32m  OK  [0m] Started Create Volatile Files and Directories.
[[0;32m  OK  [0m] Started Initial cloud-init job (pre-networking).
[[0;32m  OK  [0m] Found device /dev/ttyS0.
[[0;32m  OK  [0m] Listening on Load/Save RF Kill Switch Status /dev/rfkill Watch.
[[0;32m  OK  [0m] Reached target Network (Pre).
         Starting Update UTMP about System Boot/Shutdown...
[[0;32m  OK  [0m] Created slice system-getty.slice.
[[0;32m  OK  [0m] Started Update UTMP about System Boot/Shutdown.
[[0;32m  OK  [0m] Started LSB: AppArmor initialization.
         Starting Raise network interfaces...
[[0;32m  OK  [0m] Started Raise network interfaces.
[[0;32m  OK  [0m] Reached target Network.
         Starting Initial cloud-init job (metadata service crawler)...
[   23.191374] cloud-init[936]: Cloud-init v. 18.4-0ubuntu1~16.04.2 running 'init' at Tue, 04 Dec 2018 11:43:02 +0000. Up 22.59 seconds.
[[0;32m  OK  [0m] Started Initial cloud-init job (metadata service crawler).
[[0;32m  OK  [0m] Reached target Cloud-config availability.
[[0;32m  OK  [0m] Reached target Network is Online.
[   23.295047] cloud-init[936]: ci-info: ++++++++++++++++++++++++++++++++++++++Net device info++++++++++++++++++++++++++++++++++++++
[   23.528552]          cloud-initStarting iSCSI initiator daemon (iscsid)...[936]: 
ci-info: +--------+-------+---------------------------+---------------+--------+-------------------+
[   23.680399] [cloud-init[0;32m  OK  [0m[936]: ] ci-info: | Device |   Up  |          Address          |      Mask     | Scope  |     Hw-Address    |Reached target System Initialization.

[   23.808931] [cloud-init[0;32m  OK  [0m[936]: ] ci-info: +--------+-------+---------------------------+---------------+--------+-------------------+Started ACPI Events Check.

[   23.908686] [cloud-init[0;32m  OK  [0m[936]: ] ci-info: | enp0s3 |  True |         10.0.2.15         | 255.255.255.0 | global | 02:98:04:f8:6e:63 |Reached target Paths.

         Starting Socket activation for snappy daemon.
[[0;32m  OK  [0m] Started Daily Cleanup of Temporary Directories.
[[0;32m  OK  [0m] Listening on ACPID Listen Socket.
[   23.909380] cloud-init[936]: ci-info: | enp0s3 |  True | fe80::98:4ff:fef8:6e63/64 |       .       |  link  | 02:98:04:f8:6e:63 |
[   24.032569] [cloud-init[0;32m  OK  [0m[936]: ] ci-info: | enp0s8 | False |             .             |       .       |   .    | 08:00:27:96:5e:60 |Started Daily apt download activities.

[[0;32m  OK  [0m] Listening on UUID daemon activation socket.
[[0;32m  OK  [0m] Listening on D-Bus System Message Bus Socket.
[   24.033640] cloud-init[936]: ci-info: |   lo   |  True |         127.0.0.1         |   255.0.0.0   |  host  |         .         |
[   24.324626]          cloud-initStarting LXD - unix socket.[936]: 
ci-info: |   lo   |  True |          ::1/128          |       .       |  host  |         .         |
[   24.409130] [cloud-init[0;32m  OK  [0m[936]: ] ci-info: +--------+-------+---------------------------+---------------+--------+-------------------+Started Daily apt upgrade and clean activities.

[   24.573286] [cloud-init[0;32m  OK  [0m[936]: ] ci-info: +++++++++++++++++++++++++++Route IPv4 info++++++++++++++++++++++++++++Reached target Timers.

[   24.624535] cloud-init[936]: ci-info: +-------+-------------+----------+---------------+-----------+-------+
[   24.689417] cloud-init[936]: ci-info: | Route | Destination | Gateway  |    Genmask    | Interface | Flags |
[[0;32m  OK  [0m] Listening on Socket activation for snappy daemon.
[[0;32m  OK  [0m] Listening on LXD - unix socket.
[[0;32m  OK  [0m] Started iSCSI initiator daemon (iscsid).
[   24.714493] cloud-init[936]: ci-info: +-------+-------------+----------+---------------+-----------+-------+
[   24.788522] cloud-init[936]: ci-info: |   0   |   0.0.0.0   | 10.0.2.2 |    0.0.0.0    |   enp0s3  |   UG  |
[   24.810899] cloud-init[936]: ci-info: |   1   |   10.0.2.0  | 0.0.0.0  | 255.255.255.0 |   enp0s3  |   U   |
[   24.817276] cloud-init[936]: ci-info: +-------+-------------+----------+---------------+-----------+-------+
[   24.847146] cloud-init[936]: ci-info: +++++++++++++++++++Route IPv6 info+++++++++++++++++++
         Starting Login to default iSCSI targets...
[[0;32m  OK  [0m] Reached target Sockets.
[[0;32m  OK  [0m] Reached target Basic System.
[   24.859359] cloud-init[936]: ci-info: +-------+-------------+---------+-----------+-------+
[   24.920720] cloud-init[936]: ci-info: | Route | Destination | Gateway | Interface | Flags |
[   24.921028] cloud-init[936]: ci-info: +-------+-------------+---------+-----------+-------+
[[0;32m  OK  [0m] Started Regular background program processing daemon.
[   24.921758] cloud-init[936]: ci-info: |   0   |  fe80::/64  |    ::   |   enp0s3  |   U   |
[   25.072804] cloud-init[936]: ci-info: |   3   |   ff00::/8  |    ::   |   enp0s3  |   U   |
[   25.072879] cloud-init[936]: ci-info: +-------+-------------+---------+-----------+-------+
[   25.074096] cloud-init[936]: Generating public/private rsa key pair.
[   25.074152] cloud-init[936]: Your identification has been saved in /etc/ssh/ssh_host_rsa_key.
[   25.074191] cloud-init[936]: Your public key has been saved in /etc/ssh/ssh_host_rsa_key.pub.
[   25.074234] cloud-init[936]: The key fingerprint is:
[   25.074291] cloud-init[936]: SHA256:t7D+5TDPmum7DXWJKhcPYh6KPDbHGKJj3iuiuwnhhjI root@ubuntu-xenial
[   25.074342] cloud-init[936]: The key's randomart image is:
[   25.074385] cloud-init[936]: +---[RSA 2048]----+
         Starting LSB: Record successful boot for GRUB...
[[0;32m  OK  [0m] Started FUSE filesystem for LXC.
[   25.074446] cloud-init[936]: |                 |
[   25.377561] cloud-init[936]: |                 |
[   25.378080] cloud-init[936]: |                 |
         Starting Virtualbox guest utils...
[   25.378362] cloud-init[936]: |             . . |
[   25.452517] cloud-init[936]: |. . .   S + o o  |
[   25.452865] cloud-init[936]: |oo o = + * B .   |
[[0;32m  OK  [0m] Started D-Bus System Message Bus.
[   25.453028] cloud-init[936]: |E+  B + + B o    |
[   25.584336] cloud-init[936]: |B=.. + . o %     |
         Starting LSB: MD monitoring daemon...
[   25.584622] cloud-init[936]: |B+.o.   .oO+=    |
         Starting Accounts Service...
[[0;32m  OK  [0m] Started Unattended Upgrades Shutdown.
[   25.595535] cloud-init[936]: +----[SHA256]-----+
[   25.600055] cloud-init         [936]: Generating public/private dsa key pair.
[   25.601564] cloud-init[936]: Your identification has been saved in /etc/ssh/ssh_host_dsa_key.
Starting /etc/rc.local Compatibility...
[   25.603263] cloud-init[936]: Your public key has been saved in /etc/ssh/ssh_host_dsa_key.pub.
[   25.614319] cloud-init[936]: The key fingerprint is:
[   25.615190] cloud-init[936]: SHA256:TPT0COZTeWmmC7P5XB3U6Edbc0IqmHB0EzZkkLw/fgw root@ubuntu-xenial
[   25.615447] cloud-init[936]: The key's randomart image is:
[   25.615571] cloud-init[936]: +---[DSA 1024]----+
[   25.615697] cloud-init[936]: |      .oB+@o o.o |
[   25.615822] cloud-init[936]: |       *o@.==.+.=|
         Starting LXD - container startup/shutdown...
[   25.615954] cloud-init[936]: |        *.+=oo o=|
[   25.629755] cloud-init[936]: |       o+...  o..|
[   25.630003] cloud-init[936]: |        S* . . o |
[   25.630127] cloud-init[936]: |        o E . .  |
[   25.630251] cloud-init[936]: |         + =     |
[   25.630376] cloud-init[936]: |          + o    |
[   25.630502] cloud-init[936]:          |           .     |Starting Login Service...

[   25.631272] cloud-init[936]: +----[SHA256]-----+
[   25.649799] cloud-init[936]: Generating public/private ecdsa key pair.
[   25.651307] cloud-init[936]: Your identification has been saved in /etc/ssh/ssh_host_ecdsa_key.
[   25.661994] cloud-init[936]: Your public key has been saved in /etc/ssh/ssh_host_ecdsa_key.pub.
[   25.663398] cloud-init[936]: The key fingerprint is:
[   25.664862] cloud-init[936]: SHA256:CQJI+2yGp2AHqa3DSMvD4RGeDxppbloPEyWcrWax3ns root@ubuntu-xenial
[   25.665182] cloud-init[936]: The key's randomart image is:
[   25.665314] cloud-init[936]: +---[ECDSA 256]---+
[   25.665437] cloud-init[936]: |.o.              |
[   25.665563] cloud-init[936]: |..o+             |
[   25.665688] cloud-init[936]: | == + .          |
[   25.665815] cloud-init[936]: |ooB* . . .       |
[   25.665946] cloud-init[936]: |=@BB    S        |
[   25.666084] cloud-init[936]: |&*%o             |
[   25.666214] cloud-init[936]: |=@=..            |
[   25.666398] cloud-init[936]: |oo.+ .E          |
[   25.666528] cloud-init[936]: |.   o.           |
[   25.666652] cloud-init[936]: +----[SHA256]-----+
[   25.666778] cloud-init[936]: Generating public/private ed25519 key pair.
[   25.666904] cloud-init[936]: Your identification has been saved in /etc/ssh/ssh_host_ed25519_key.
[   25.667039] cloud-init[936]: Your public key has been saved in /etc/ssh/ssh_host_ed25519_key.pub.
[   25.667164] cloud-init[936]: The key fingerprint is:
[   25.667290] cloud-init[936]: SHA256:r+0qkRmsiReVPgfa1visLz7D9LQtar/sjdUOMXurQ78 root@ubuntu-xenial
[   25.667459] cloud-init[936]: The key's randomart image is:
[   25.667583] cloud-init[936]: +--[ED25519 256]--+
[   25.667720] cloud-init[936]: |       .         |
[   25.667852] cloud-init[936]: |      +          |
         Starting System Logging Service...
[   25.668537] cloud-init[936]: |     * +         |
[   26.100331] cloud-init[936]: |    o O o        |
         Starting Pollinate to seed the pseudo random number generator...
[   26.100668] cloud-init[936]: |   . = OS o      |
[   26.148971] cloud-init[936]: |  . + = +..=     |
[[   26.149406] [0;32m  OK  [0mcloud-init] [936]: Started ACPI event daemon.|   . o = +=.o    |

[   26.149779] cloud-init[936]: |      O.+*o+..   |
[   26.173998] cloud-init[936]: |     ooXX==oE.   |
[   26.183177] cloud-init[936]: +----[SHA256]-----+
[[0;32m  OK  [0m] Started Deferred execution scheduler.
         Starting Snappy daemon...
[[0;32m  OK  [0m] Started System Logging Service.
[[0;32m  OK  [0m] Started /etc/rc.local Compatibility.
[[0;32m  OK  [0m] Started LXD - container startup/shutdown.
[[0;32m  OK  [0m] Started Login to default iSCSI targets.
[[0;32m  OK  [0m] Started LSB: Record successful boot for GRUB.
[[0;32m  OK  [0m] Started LSB: MD monitoring daemon.
[[0;32m  OK  [0m] Started Virtualbox guest utils.
[[0;32m  OK  [0m] Started Snappy daemon.
         Starting Authenticate and Authorize Users to Run Privileged Tasks...
         Starting Wait until snapd is fully seeded...
[[0;32m  OK  [0m] Reached target Remote File Systems (Pre).
[[0;32m  OK  [0m] Reached target Remote File Systems.
         Starting LSB: daemon to balance interrupts for SMP systems...
         Starting LSB: Set the CPU Frequency Scaling governor to "ondemand"...
         Starting Permit User Sessions...
         Starting LSB: automatic crash report generation...
[[0;32m  OK  [0m] Started Permit User Sessions.
[[0;32m  OK  [0m] Started Login Service.
[[0;32m  OK  [0m] Started Authenticate and Authorize Users to Run Privileged Tasks.
[[0;32m  OK  [0m] Started Accounts Service.
[[0;32m  OK  [0m] Started LSB: Set the CPU Frequency Scaling governor to "ondemand".
[[0;32m  OK  [0m] Started LSB: daemon to balance interrupts for SMP systems.
         Starting Hold until boot process finishes up...
         Starting Terminate Plymouth Boot Screen...
[[0;32m  OK  [0m] Started LSB: automatic crash report generation.
[[0;32m  OK  [0m] Started Hold until boot process finishes up.
[[0;32m  OK  [0m] Started Terminate Plymouth Boot Screen.
[[0;32m  OK  [0m] Started Serial Getty on ttyS0.
         Starting Set console scheme...
[[0;32m  OK  [0m] Started Getty on tty1.
[[0;32m  OK  [0m] Reached target Login Prompts.
[[0;32m  OK  [0m] Started Set console scheme.
[[0;32m  OK  [0m] Started Pollinate to seed the pseudo random number generator.
         Starting OpenBSD Secure Shell server...
[[0;32m  OK  [0m] Started OpenBSD Secure Shell server.
[[0;32m  OK  [0m] Created slice User Slice of vagrant.
         Starting User Manager for UID 1000...
[[0;32m  OK  [0m] Started Session 1 of user vagrant.
[[0;32m  OK  [0m] Started User Manager for UID 1000.
[[0;32m  OK  [0m] Started Session 2 of user vagrant.

Ubuntu 16.04.5 LTS ubuntu-xenial ttyS0

ubuntu-xenial login: [   36.448527] cloud-init[1923]: Generating locales (this might take a while)...
[   37.246383] cloud-init[1923]:   en_US.UTF-8... done
[   37.247242] cloud-init[1923]: Generation complete.
[   37.500861] cloud-init[1923]: Cloud-init v. 18.4-0ubuntu1~16.04.2 running 'modules:config' at Tue, 04 Dec 2018 11:43:16 +0000. Up 36.35 seconds.
ci-info: no authorized ssh keys fingerprints found for user ubuntu.
<14>Dec  4 11:43:17 ec2: 
<14>Dec  4 11:43:17 ec2: #############################################################
<14>Dec  4 11:43:17 ec2: -----BEGIN SSH HOST KEY FINGERPRINTS-----
<14>Dec  4 11:43:17 ec2: 1024 SHA256:TPT0COZTeWmmC7P5XB3U6Edbc0IqmHB0EzZkkLw/fgw root@ubuntu-xenial (DSA)
<14>Dec  4 11:43:17 ec2: 256 SHA256:CQJI+2yGp2AHqa3DSMvD4RGeDxppbloPEyWcrWax3ns root@ubuntu-xenial (ECDSA)
<14>Dec  4 11:43:17 ec2: 256 SHA256:r+0qkRmsiReVPgfa1visLz7D9LQtar/sjdUOMXurQ78 root@ubuntu-xenial (ED25519)
<14>Dec  4 11:43:17 ec2: 2048 SHA256:t7D+5TDPmum7DXWJKhcPYh6KPDbHGKJj3iuiuwnhhjI root@ubuntu-xenial (RSA)
<14>Dec  4 11:43:17 ec2: -----END SSH HOST KEY FINGERPRINTS-----
<14>Dec  4 11:43:17 ec2: #############################################################
-----BEGIN SSH HOST KEY KEYS-----
ecdsa-sha2-nistp256 AAAAE2VjZHNhLXNoYTItbmlzdHAyNTYAAAAIbmlzdHAyNTYAAABBBGHdOy9VGMLtjAYLAVTMuxikSrRliT47Hu953ONmaPKjVtSXvDTWV5drpo9j2/kzPbq6wBIjaAf/YxeNR2Oeql8= root@ubuntu-xenial
ssh-ed25519 AAAAC3NzaC1lZDI1NTE5AAAAIBHh36pZUMgjfuiOZaYAABW/cXzM57JH4P4/FdFNujGg root@ubuntu-xenial
ssh-rsa AAAAB3NzaC1yc2EAAAADAQABAAABAQDrUwA7OZVTi7wrITeAsRpU98GJDHQXGiORM6vO103IH2PM3+mmXQ56ysSklZHJcqj0EYeS3c2cp9+b4nvQYoq+JWuCcy9FHEr+FA8yGygX9tvrK8/S79l/zuXMpajZKui8EjsUIOZ3GbpoHah1FGNplq2PIX4+YPnvXzQOTpkEhhk+BFa1W7Kcqhug+NCGzJrlXlUBJWwpaS1I0TmEvg+mpawtoExzSnRZG5aDBjZIww3aixXLzpY+AMfLP6e+IEMuxtR+WreB4jLwS6Eh1yoZ+XZqV93RLoLSGgwd8THjvslpoFWR6Bm58+tlLyhYQkTv+HQi5pny/EWh/FwVGW71 root@ubuntu-xenial
-----END SSH HOST KEY KEYS-----
[   37.900792] cloud-init[1967]: Cloud-init v. 18.4-0ubuntu1~16.04.2 running 'modules:final' at Tue, 04 Dec 2018 11:43:17 +0000. Up 37.79 seconds.
[   37.901082] cloud-init[1967]: ci-info: no authorized ssh keys fingerprints found for user ubuntu.
[   37.901254] cloud-init[1967]: Cloud-init v. 18.4-0ubuntu1~16.04.2 finished at Tue, 04 Dec 2018 11:43:17 +0000. Datasource DataSourceNoCloud [seed=/dev/sdb][dsmode=net].  Up 37.89 seconds
